<?xml version="1.0" encoding="UTF-8"?>
<testsuite name="com.example.SquidApplicationTests" tests="1" skipped="0" failures="0" errors="0" timestamp="2016-07-27T03:05:35" hostname="kohei-PC" time="0.007">
  <properties/>
  <testcase name="contextLoads" classname="com.example.SquidApplicationTests" time="0.007"/>
  <system-out><![CDATA[12:05:30.527 [Test worker] DEBUG org.springframework.test.context.junit4.SpringJUnit4ClassRunner - SpringJUnit4ClassRunner constructor called with [class com.example.SquidApplicationTests]
12:05:30.534 [Test worker] DEBUG org.springframework.test.context.BootstrapUtils - Instantiating CacheAwareContextLoaderDelegate from class [org.springframework.test.context.cache.DefaultCacheAwareContextLoaderDelegate]
12:05:30.542 [Test worker] DEBUG org.springframework.test.context.BootstrapUtils - Instantiating BootstrapContext using constructor [public org.springframework.test.context.support.DefaultBootstrapContext(java.lang.Class,org.springframework.test.context.CacheAwareContextLoaderDelegate)]
12:05:30.554 [Test worker] DEBUG org.springframework.test.context.BootstrapUtils - Instantiating TestContextBootstrapper for test class [com.example.SquidApplicationTests] from class [org.springframework.test.context.web.WebTestContextBootstrapper]
12:05:30.579 [Test worker] DEBUG org.springframework.test.context.web.WebTestContextBootstrapper - Found explicit ContextLoader class [org.springframework.boot.test.SpringApplicationContextLoader] for context configuration attributes [ContextConfigurationAttributes@7c840b96 declaringClass = 'com.example.SquidApplicationTests', classes = '{class com.example.SquidApplication}', locations = '{}', inheritLocations = true, initializers = '{}', inheritInitializers = true, name = [null], contextLoaderClass = 'org.springframework.boot.test.SpringApplicationContextLoader']
12:05:30.588 [Test worker] DEBUG org.springframework.test.context.support.AbstractContextLoader - Did not detect default resource location for test class [com.example.SquidApplicationTests]: class path resource [com/example/SquidApplicationTests-context.xml] does not exist
12:05:30.588 [Test worker] DEBUG org.springframework.test.context.support.AbstractContextLoader - Did not detect default resource location for test class [com.example.SquidApplicationTests]: class path resource [com/example/SquidApplicationTestsContext.groovy] does not exist
12:05:30.588 [Test worker] INFO org.springframework.test.context.support.AbstractContextLoader - Could not detect default resource locations for test class [com.example.SquidApplicationTests]: no resource found for suffixes {-context.xml, Context.groovy}.
12:05:30.590 [Test worker] DEBUG org.springframework.test.context.support.ActiveProfilesUtils - Could not find an 'annotation declaring class' for annotation type [org.springframework.test.context.ActiveProfiles] and class [com.example.SquidApplicationTests]
12:05:30.594 [Test worker] DEBUG org.springframework.test.context.web.WebTestContextBootstrapper - @TestExecutionListeners is not present for class [com.example.SquidApplicationTests]: using defaults.
12:05:30.602 [Test worker] INFO org.springframework.test.context.web.WebTestContextBootstrapper - Loaded default TestExecutionListener class names from location [META-INF/spring.factories]: [org.springframework.test.context.web.ServletTestExecutionListener, org.springframework.test.context.support.DirtiesContextBeforeModesTestExecutionListener, org.springframework.test.context.support.DependencyInjectionTestExecutionListener, org.springframework.test.context.support.DirtiesContextTestExecutionListener, org.springframework.test.context.transaction.TransactionalTestExecutionListener, org.springframework.test.context.jdbc.SqlScriptsTestExecutionListener]
12:05:30.629 [Test worker] INFO org.springframework.test.context.web.WebTestContextBootstrapper - Using TestExecutionListeners: [org.springframework.test.context.web.ServletTestExecutionListener@48fddc6f, org.springframework.test.context.support.DirtiesContextBeforeModesTestExecutionListener@7b5c2f1e, org.springframework.test.context.support.DependencyInjectionTestExecutionListener@22b3faeb, org.springframework.test.context.support.DirtiesContextTestExecutionListener@1cf4a01d, org.springframework.test.context.transaction.TransactionalTestExecutionListener@3acc1948, org.springframework.test.context.jdbc.SqlScriptsTestExecutionListener@20f2e5d0]
12:05:30.635 [Test worker] DEBUG org.springframework.test.annotation.ProfileValueUtils - Retrieved @ProfileValueSourceConfiguration [null] for test class [com.example.SquidApplicationTests]
12:05:30.637 [Test worker] DEBUG org.springframework.test.annotation.ProfileValueUtils - Retrieved ProfileValueSource type [class org.springframework.test.annotation.SystemProfileValueSource] for class [com.example.SquidApplicationTests]
12:05:30.638 [Test worker] DEBUG org.springframework.test.annotation.ProfileValueUtils - Retrieved @ProfileValueSourceConfiguration [null] for test class [com.example.SquidApplicationTests]
12:05:30.638 [Test worker] DEBUG org.springframework.test.annotation.ProfileValueUtils - Retrieved ProfileValueSource type [class org.springframework.test.annotation.SystemProfileValueSource] for class [com.example.SquidApplicationTests]
12:05:30.643 [Test worker] DEBUG org.springframework.test.context.support.AbstractDirtiesContextTestExecutionListener - Before test class: context [DefaultTestContext@5ff2ca61 testClass = SquidApplicationTests, testInstance = [null], testMethod = [null], testException = [null], mergedContextConfiguration = [WebMergedContextConfiguration@4b0f8958 testClass = SquidApplicationTests, locations = '{}', classes = '{class com.example.SquidApplication}', contextInitializerClasses = '[]', activeProfiles = '{}', propertySourceLocations = '{}', propertySourceProperties = '{}', resourceBasePath = 'src/main/webapp', contextLoader = 'org.springframework.boot.test.SpringApplicationContextLoader', parent = [null]]], class annotated with @DirtiesContext [false] with mode [null].
12:05:30.644 [Test worker] DEBUG org.springframework.test.annotation.ProfileValueUtils - Retrieved @ProfileValueSourceConfiguration [null] for test class [com.example.SquidApplicationTests]
12:05:30.644 [Test worker] DEBUG org.springframework.test.annotation.ProfileValueUtils - Retrieved ProfileValueSource type [class org.springframework.test.annotation.SystemProfileValueSource] for class [com.example.SquidApplicationTests]
12:05:30.716 [Test worker] DEBUG org.springframework.core.env.StandardEnvironment - Adding [systemProperties] PropertySource with lowest search precedence
12:05:30.717 [Test worker] DEBUG org.springframework.core.env.StandardEnvironment - Adding [systemEnvironment] PropertySource with lowest search precedence
12:05:30.718 [Test worker] DEBUG org.springframework.core.env.StandardEnvironment - Initialized StandardEnvironment with PropertySources [systemProperties,systemEnvironment]
12:05:30.722 [Test worker] DEBUG org.springframework.core.env.StandardEnvironment - Adding [integrationTest] PropertySource with search precedence immediately lower than [systemEnvironment]

  .   ____          _            __ _ _
 /\\ / ___'_ __ _ _(_)_ __  __ _ \ \ \ \
( ( )\___ | '_ | '_| | '_ \/ _` | \ \ \ \
 \\/  ___)| |_)| | | | | || (_| |  ) ) ) )
  '  |____| .__|_| |_|_| |_\__, | / / / /
 =========|_|==============|___/=/_/_/_/
 :: Spring Boot ::        (v1.3.6.RELEASE)

2016-07-27 12:05:31.159  INFO 4692 --- [    Test worker] com.example.SquidApplicationTests        : Starting SquidApplicationTests on kohei-PC with PID 4692 (C:\Home\02.Programs\EclipseWorkspace\squid\build\classes\test started by kohei in C:\Home\02.Programs\EclipseWorkspace\squid)
2016-07-27 12:05:31.161  INFO 4692 --- [    Test worker] com.example.SquidApplicationTests        : No active profile set, falling back to default profiles: default
2016-07-27 12:05:31.545  INFO 4692 --- [    Test worker] o.s.w.c.s.GenericWebApplicationContext   : Refreshing org.springframework.web.context.support.GenericWebApplicationContext@67280cb4: startup date [Wed Jul 27 12:05:31 JST 2016]; root of context hierarchy
2016-07-27 12:05:33.265  INFO 4692 --- [    Test worker] f.a.AutowiredAnnotationBeanPostProcessor : JSR-330 'javax.inject.Inject' annotation found and supported for autowiring
2016-07-27 12:05:33.345  INFO 4692 --- [    Test worker] trationDelegate$BeanPostProcessorChecker : Bean 'org.springframework.transaction.annotation.ProxyTransactionManagementConfiguration' of type [class org.springframework.transaction.annotation.ProxyTransactionManagementConfiguration$$EnhancerBySpringCGLIB$$a3af19b4] is not eligible for getting processed by all BeanPostProcessors (for example: not eligible for auto-proxying)
2016-07-27 12:05:34.075  INFO 4692 --- [    Test worker] o.s.jdbc.datasource.init.ScriptUtils     : Executing SQL script from URL [file:/C:/Home/02.Programs/EclipseWorkspace/squid/build/classes/main/schema.sql]
2016-07-27 12:05:34.098  INFO 4692 --- [    Test worker] o.s.jdbc.datasource.init.ScriptUtils     : Executed SQL script from URL [file:/C:/Home/02.Programs/EclipseWorkspace/squid/build/classes/main/schema.sql] in 23 ms.
2016-07-27 12:05:34.103  INFO 4692 --- [    Test worker] o.s.jdbc.datasource.init.ScriptUtils     : Executing SQL script from URL [file:/C:/Home/02.Programs/EclipseWorkspace/squid/build/classes/main/data.sql]
2016-07-27 12:05:34.110  INFO 4692 --- [    Test worker] o.s.jdbc.datasource.init.ScriptUtils     : Executed SQL script from URL [file:/C:/Home/02.Programs/EclipseWorkspace/squid/build/classes/main/data.sql] in 7 ms.
2016-07-27 12:05:34.948  INFO 4692 --- [    Test worker] s.w.s.m.m.a.RequestMappingHandlerAdapter : Looking for @ControllerAdvice: org.springframework.web.context.support.GenericWebApplicationContext@67280cb4: startup date [Wed Jul 27 12:05:31 JST 2016]; root of context hierarchy
2016-07-27 12:05:35.046  INFO 4692 --- [    Test worker] s.w.s.m.m.a.RequestMappingHandlerMapping : Mapped "{[/save],methods=[POST]}" onto public java.lang.String com.example.SquidController.save(com.example.form.SaveResultForm)
2016-07-27 12:05:35.047  INFO 4692 --- [    Test worker] s.w.s.m.m.a.RequestMappingHandlerMapping : Mapped "{[/savepage],methods=[GET]}" onto public java.lang.String com.example.SquidController.savePage(org.springframework.ui.Model)
2016-07-27 12:05:35.047  INFO 4692 --- [    Test worker] s.w.s.m.m.a.RequestMappingHandlerMapping : Mapped "{[/history],methods=[GET]}" onto public java.lang.String com.example.SquidController.history(org.springframework.ui.Model)
2016-07-27 12:05:35.049  INFO 4692 --- [    Test worker] s.w.s.m.m.a.RequestMappingHandlerMapping : Mapped "{[/error]}" onto public org.springframework.http.ResponseEntity<java.util.Map<java.lang.String, java.lang.Object>> org.springframework.boot.autoconfigure.web.BasicErrorController.error(javax.servlet.http.HttpServletRequest)
2016-07-27 12:05:35.050  INFO 4692 --- [    Test worker] s.w.s.m.m.a.RequestMappingHandlerMapping : Mapped "{[/error],produces=[text/html]}" onto public org.springframework.web.servlet.ModelAndView org.springframework.boot.autoconfigure.web.BasicErrorController.errorHtml(javax.servlet.http.HttpServletRequest,javax.servlet.http.HttpServletResponse)
2016-07-27 12:05:35.099  INFO 4692 --- [    Test worker] o.s.w.s.handler.SimpleUrlHandlerMapping  : Mapped URL path [/webjars/**] onto handler of type [class org.springframework.web.servlet.resource.ResourceHttpRequestHandler]
2016-07-27 12:05:35.099  INFO 4692 --- [    Test worker] o.s.w.s.handler.SimpleUrlHandlerMapping  : Mapped URL path [/**] onto handler of type [class org.springframework.web.servlet.resource.ResourceHttpRequestHandler]
2016-07-27 12:05:35.171  INFO 4692 --- [    Test worker] o.s.w.s.handler.SimpleUrlHandlerMapping  : Mapped URL path [/**/favicon.ico] onto handler of type [class org.springframework.web.servlet.resource.ResourceHttpRequestHandler]
2016-07-27 12:05:35.943  INFO 4692 --- [    Test worker] com.example.SquidApplicationTests        : Started SquidApplicationTests in 5.199 seconds (JVM running for 6.189)
]]></system-out>
  <system-err><![CDATA[]]></system-err>
</testsuite>
